=========================
Fcitx 4.99.0 -- Get Signal No.: 6
Date: try "date -d @1572800853" if you are using GNU date ***
ProcessID: 3575
fcitx5(+0x984e)[0x55f6bbc4e84e]
/usr/lib/libc.so.6(+0x3bfb0)[0x7f745b2d4fb0]
/usr/lib/libc.so.6(gsignal+0x145)[0x7f745b2d4f25]
/usr/lib/libc.so.6(abort+0x12b)[0x7f745b2be897]
/usr/lib/libstdc++.so.6(+0x9681d)[0x7f745b51281d]
/usr/lib/libstdc++.so.6(+0xa34da)[0x7f745b51f4da]
/usr/lib/libstdc++.so.6(+0xa24aa)[0x7f745b51e4aa]
/usr/lib/libstdc++.so.6(__gxx_personality_v0+0x2a5)[0x7f745b51ee75]
/usr/lib/libgcc_s.so.1(+0x10723)[0x7f745b470723]
/usr/lib/libgcc_s.so.1(_Unwind_Resume+0x12e)[0x7f745b47101e]
/usr/lib/librime.so.1(+0xc8b3e)[0x7f74521b4b3e]
/usr/lib/librime.so.1(RimeFinalize+0xa)[0x7f74521cef6a]
/usr/lib/fcitx5/rime.so(+0xa45c)[0x7f74523e045c]
/usr/lib/fcitx5/rime.so(+0xa4e9)[0x7f74523e04e9]
/usr/lib/libFcitx5Core.so.5(_ZN5fcitx12AddonManager6unloadEv+0x233)[0x7f745b7b9d83]
/usr/lib/libFcitx5Core.so.5(_ZN5fcitx8InstanceD1Ev+0x36)[0x7f745b7980b6]
fcitx5(+0x8126)[0x55f6bbc4d126]
/usr/lib/libc.so.6(__libc_start_main+0xf3)[0x7f745b2c0153]
fcitx5(+0x888e)[0x55f6bbc4d88e]
